<?xml version="1.0" encoding="UTF-8"?>
<testsuite xmlns:xsi="http://www.w3.org/2001/XMLSchema-instance" xsi:schemaLocation="https://maven.apache.org/surefire/maven-surefire-plugin/xsd/surefire-test-report.xsd" name="runners.PositiveTest" time="50.324" tests="11" errors="0" skipped="0" failures="0">
  <properties>
[...]
</properties>
  <testcase name="Given I am on the Home Page &quot;https://www.carsguide.com.au&quot; of CarsGuide Website" classname="Scenario: Validate Search Cars Page" time="0.008"/>
  <testcase name="When I move to Car For Sale Menu" classname="Scenario: Validate Search Cars Page" time="0"/>
  <testcase name="And click on &quot;Search Cars&quot; link" classname="Scenario: Validate Search Cars Page" time="0"/>
  <testcase name="And select carbrand as &quot;BMW&quot; from AnyMake dropdown" classname="Scenario: Validate Search Cars Page" time="0"/>
  <testcase name="And select &quot;1 SERIES&quot; as car model" classname="Scenario: Validate Search Cars Page" time="0"/>
  <testcase name="And select location as &quot;Australia&quot; from SelectLocation dropdown" classname="Scenario: Validate Search Cars Page" time="0"/>
  <testcase name="And select &quot;$1,000&quot; as price" classname="Scenario: Validate Search Cars Page" time="0"/>
  <testcase name="And click on Find_My_Next_Car button" classname="Scenario: Validate Search Cars Page" time="0"/>
  <testcase name="Then I should see list of searched cars" classname="Scenario: Validate Search Cars Page" time="0"/>
  <testcase name="And the page title should be &quot;Bmw 1 Series Cars Under $1000 for Sale | CarsGuide&quot;" classname="Scenario: Validate Search Cars Page" time="0"/>
  <testcase name="Scenario: Validate Search Cars Page" classname="Scenario: Validate Search Cars Page" time="0"/>
</testsuite>